[04:04:04] Still watching.
[04:04:04] Still watching.
[04:04:04] Still watching.
[04:04:04] Still watching.
[04:04:04] Still watching.
[04:04:04] Still watching.
[04:04:04] Still watching.
[04:04:04] Still watching.
[04:04:04] Still watching.
[04:04:04] Still watching.
[04:04:04] Still watching.
[04:04:04] Still watching.
[04:04:04] Still watching.# flick 20250409213556-wzmh
# flick 20250409214203-bI8O
# flick 20250409214618-phNV
# flick 20250409220131-1ZDd
# flick 20250409230605-pLGS
# flick 20250409231147-nESy
# flick 20250409234311-N6Da
# flick 20250410004429-HXkA
# flick 20250410004927-o7eH
# flick 20250410031045-CKi8
# flick 20250410032004-CB3r
# flick 20250410032810-JquQ
# flick 20250410131705-SYy7
# flick 20250410144301-5WHv
# flick 20250410153409-50RY
# flick 20250410154740-6lUK
# flick 20250410163053-cp30
# flick 20250410213333-I8pM
# flick 20250411000243-Svl7
# flick 20250413005458-gU5q
# flick 20250413011056-VE1i
# flick 20250413011142-iinx
# flick 20250413124137-l2Az
# flick 20250413132131-aqLG
# flick 20250413213134-PkX8
# flick 20250413233322-gUVW
# flick 20250414003213-j1x0
# flick 20250414012931-tJXB
# flick 20250415192651-NUwp
# flick 20250415193726-CGqV
# flick 20250415195126-wwal
# flick 20250415200150-YvIF
# flick 20250415203937-Zt9B
# flick 20250415220556-STR4
# flick 20250415233206-8XZ9
# flick 20250416160546-sXsW
# flick 20250416163656-Op2u
# flick 20250416165918-RykF
# flick 20250416211333-wgrg
# flick 20250416214305-PHYU
# flick 20250416223140-Bbql
# flick 20250416234856-CHkq
# flick 20250417001512-cSrI
# flick 20250417193144-xpnx
# flick 20250417215304-vTLi
# flick 20250418042250-mKHw
# flick 20250422004337-3AWT
# flick 20250422032347-NF29
# flick 20250422033024-Qa8m
# flick 20250422034842-JFZI
